<?xml version="1.0" encoding="UTF-8"?>
<coverage generated="1710954936544" clover="3.2.0">
  <project timestamp="1710954936544" name="All files">
    <metrics statements="125" coveredstatements="121" conditionals="36" coveredconditionals="35" methods="8" coveredmethods="7" elements="169" coveredelements="163" complexity="0" loc="125" ncloc="125" packages="1" files="4" classes="4"/>
    <file name="Calculator.jsx" path="/home/miguel/workspace/2024/03-2024/learn-tdd/src/Calculator.jsx">
      <metrics statements="48" coveredstatements="48" conditionals="8" coveredconditionals="8" methods="5" coveredmethods="5"/>
      <line num="1" count="1" type="stmt"/>
      <line num="2" count="1" type="stmt"/>
      <line num="3" count="1" type="stmt"/>
      <line num="4" count="1" type="cond" truecount="1" falsecount="0"/>
      <line num="5" count="22" type="stmt"/>
      <line num="6" count="22" type="stmt"/>
      <line num="7" count="22" type="stmt"/>
      <line num="8" count="22" type="stmt"/>
      <line num="9" count="22" type="cond" truecount="1" falsecount="0"/>
      <line num="10" count="22" type="stmt"/>
      <line num="11" count="22" type="cond" truecount="1" falsecount="0"/>
      <line num="12" count="1" type="stmt"/>
      <line num="13" count="1" type="stmt"/>
      <line num="14" count="22" type="stmt"/>
      <line num="15" count="22" type="stmt"/>
      <line num="16" count="22" type="stmt"/>
      <line num="17" count="22" type="stmt"/>
      <line num="18" count="22" type="stmt"/>
      <line num="19" count="22" type="stmt"/>
      <line num="20" count="22" type="stmt"/>
      <line num="21" count="22" type="stmt"/>
      <line num="22" count="22" type="stmt"/>
      <line num="23" count="22" type="stmt"/>
      <line num="24" count="22" type="stmt"/>
      <line num="25" count="22" type="stmt"/>
      <line num="26" count="22" type="stmt"/>
      <line num="27" count="22" type="stmt"/>
      <line num="28" count="22" type="cond" truecount="1" falsecount="0"/>
      <line num="29" count="88" type="stmt"/>
      <line num="30" count="88" type="cond" truecount="1" falsecount="0"/>
      <line num="31" count="220" type="cond" truecount="1" falsecount="0"/>
      <line num="32" count="220" type="stmt"/>
      <line num="33" count="220" type="stmt"/>
      <line num="34" count="88" type="stmt"/>
      <line num="35" count="88" type="stmt"/>
      <line num="36" count="22" type="stmt"/>
      <line num="37" count="22" type="stmt"/>
      <line num="38" count="22" type="cond" truecount="1" falsecount="0"/>
      <line num="39" count="88" type="cond" truecount="1" falsecount="0"/>
      <line num="40" count="88" type="stmt"/>
      <line num="41" count="88" type="stmt"/>
      <line num="42" count="22" type="stmt"/>
      <line num="43" count="22" type="stmt"/>
      <line num="44" count="22" type="stmt"/>
      <line num="45" count="22" type="stmt"/>
      <line num="46" count="22" type="stmt"/>
      <line num="47" count="22" type="stmt"/>
      <line num="48" count="22" type="stmt"/>
    </file>
    <file name="advent.js" path="/home/miguel/workspace/2024/03-2024/learn-tdd/src/advent.js">
      <metrics statements="44" coveredstatements="44" conditionals="18" coveredconditionals="18" methods="1" coveredmethods="1"/>
      <line num="1" count="1" type="stmt"/>
      <line num="2" count="1" type="stmt"/>
      <line num="3" count="1" type="stmt"/>
      <line num="4" count="1" type="stmt"/>
      <line num="5" count="1" type="stmt"/>
      <line num="6" count="1" type="stmt"/>
      <line num="7" count="1" type="stmt"/>
      <line num="8" count="1" type="stmt"/>
      <line num="9" count="1" type="stmt"/>
      <line num="10" count="1" type="stmt"/>
      <line num="11" count="1" type="stmt"/>
      <line num="12" count="1" type="stmt"/>
      <line num="13" count="1" type="cond" truecount="1" falsecount="0"/>
      <line num="14" count="29" type="cond" truecount="1" falsecount="0"/>
      <line num="15" count="26" type="cond" truecount="1" falsecount="0"/>
      <line num="16" count="29" type="cond" truecount="1" falsecount="0"/>
      <line num="17" count="20" type="cond" truecount="1" falsecount="0"/>
      <line num="18" count="29" type="cond" truecount="1" falsecount="0"/>
      <line num="19" count="5" type="stmt"/>
      <line num="20" count="5" type="stmt"/>
      <line num="21" count="15" type="cond" truecount="1" falsecount="0"/>
      <line num="22" count="29" type="cond" truecount="1" falsecount="0"/>
      <line num="23" count="10" type="stmt"/>
      <line num="24" count="10" type="stmt"/>
      <line num="25" count="5" type="cond" truecount="1" falsecount="0"/>
      <line num="26" count="5" type="stmt"/>
      <line num="27" count="29" type="cond" truecount="1" falsecount="0"/>
      <line num="28" count="3" type="cond" truecount="1" falsecount="0"/>
      <line num="29" count="3" type="stmt"/>
      <line num="30" count="29" type="cond" truecount="1" falsecount="0"/>
      <line num="31" count="2" type="cond" truecount="1" falsecount="0"/>
      <line num="32" count="2" type="stmt"/>
      <line num="33" count="29" type="cond" truecount="1" falsecount="0"/>
      <line num="34" count="7" type="stmt"/>
      <line num="35" count="7" type="stmt"/>
      <line num="36" count="7" type="stmt"/>
      <line num="37" count="7" type="stmt"/>
      <line num="38" count="7" type="cond" truecount="2" falsecount="0"/>
      <line num="39" count="6" type="cond" truecount="1" falsecount="0"/>
      <line num="40" count="6" type="stmt"/>
      <line num="41" count="6" type="stmt"/>
      <line num="42" count="1" type="cond" truecount="1" falsecount="0"/>
      <line num="43" count="1" type="stmt"/>
      <line num="44" count="1" type="stmt"/>
    </file>
    <file name="fizzbuzz.js" path="/home/miguel/workspace/2024/03-2024/learn-tdd/src/fizzbuzz.js">
      <metrics statements="29" coveredstatements="29" conditionals="9" coveredconditionals="9" methods="1" coveredmethods="1"/>
      <line num="1" count="1" type="stmt"/>
      <line num="2" count="1" type="stmt"/>
      <line num="3" count="1" type="stmt"/>
      <line num="4" count="1" type="stmt"/>
      <line num="5" count="1" type="stmt"/>
      <line num="6" count="1" type="stmt"/>
      <line num="7" count="1" type="stmt"/>
      <line num="8" count="1" type="stmt"/>
      <line num="9" count="1" type="cond" truecount="1" falsecount="0"/>
      <line num="10" count="16" type="cond" truecount="1" falsecount="0"/>
      <line num="11" count="2" type="stmt"/>
      <line num="12" count="2" type="stmt"/>
      <line num="13" count="14" type="cond" truecount="1" falsecount="0"/>
      <line num="14" count="16" type="cond" truecount="1" falsecount="0"/>
      <line num="15" count="13" type="cond" truecount="1" falsecount="0"/>
      <line num="16" count="13" type="stmt"/>
      <line num="17" count="13" type="stmt"/>
      <line num="18" count="13" type="stmt"/>
      <line num="19" count="13" type="stmt"/>
      <line num="20" count="13" type="cond" truecount="1" falsecount="0"/>
      <line num="21" count="39" type="cond" truecount="1" falsecount="0"/>
      <line num="22" count="13" type="stmt"/>
      <line num="23" count="13" type="stmt"/>
      <line num="24" count="13" type="stmt"/>
      <line num="25" count="13" type="stmt"/>
      <line num="26" count="13" type="stmt"/>
      <line num="27" count="13" type="stmt"/>
      <line num="28" count="16" type="cond" truecount="2" falsecount="0"/>
      <line num="29" count="16" type="stmt"/>
    </file>
    <file name="main.jsx" path="/home/miguel/workspace/2024/03-2024/learn-tdd/src/main.jsx">
      <metrics statements="4" coveredstatements="0" conditionals="1" coveredconditionals="0" methods="1" coveredmethods="0"/>
      <line num="1" count="0" type="cond" truecount="0" falsecount="1"/>
      <line num="2" count="0" type="stmt"/>
      <line num="3" count="0" type="stmt"/>
      <line num="4" count="0" type="stmt"/>
    </file>
  </project>
</coverage>
