{"/home/miguel/workspace/2024/03-2024/learn-tdd/src/Calculator.jsx": {"path":"/home/miguel/workspace/2024/03-2024/learn-tdd/src/Calculator.jsx","all":false,"statementMap":{"0":{"start":{"line":1,"column":0},"end":{"line":1,"column":33}},"1":{"start":{"line":2,"column":0},"end":{"line":2,"column":40}},"2":{"start":{"line":3,"column":0},"end":{"line":3,"column":0}},"3":{"start":{"line":4,"column":0},"end":{"line":4,"column":33}},"4":{"start":{"line":5,"column":0},"end":{"line":5,"column":40}},"5":{"start":{"line":6,"column":0},"end":{"line":6,"column":0}},"6":{"start":{"line":7,"column":0},"end":{"line":7,"column":31}},"7":{"start":{"line":8,"column":0},"end":{"line":8,"column":0}},"8":{"start":{"line":9,"column":0},"end":{"line":9,"column":61}},"9":{"start":{"line":10,"column":0},"end":{"line":10,"column":0}},"10":{"start":{"line":11,"column":0},"end":{"line":11,"column":30}},"11":{"start":{"line":12,"column":0},"end":{"line":12,"column":29}},"12":{"start":{"line":13,"column":0},"end":{"line":13,"column":3}},"13":{"start":{"line":14,"column":0},"end":{"line":14,"column":0}},"14":{"start":{"line":15,"column":0},"end":{"line":15,"column":53}},"15":{"start":{"line":16,"column":0},"end":{"line":16,"column":0}},"16":{"start":{"line":17,"column":0},"end":{"line":17,"column":41}},"17":{"start":{"line":18,"column":0},"end":{"line":18,"column":0}},"18":{"start":{"line":19,"column":0},"end":{"line":19,"column":23}},"19":{"start":{"line":20,"column":0},"end":{"line":20,"column":0}},"20":{"start":{"line":21,"column":0},"end":{"line":21,"column":10}},"21":{"start":{"line":22,"column":0},"end":{"line":22,"column":13}},"22":{"start":{"line":23,"column":0},"end":{"line":23,"column":25}},"23":{"start":{"line":24,"column":0},"end":{"line":24,"column":0}},"24":{"start":{"line":25,"column":0},"end":{"line":25,"column":65}},"25":{"start":{"line":26,"column":0},"end":{"line":26,"column":0}},"26":{"start":{"line":27,"column":0},"end":{"line":27,"column":23}},"27":{"start":{"line":28,"column":0},"end":{"line":28,"column":35}},"28":{"start":{"line":29,"column":0},"end":{"line":29,"column":38}},"29":{"start":{"line":30,"column":0},"end":{"line":30,"column":31}},"30":{"start":{"line":31,"column":0},"end":{"line":31,"column":66}},"31":{"start":{"line":32,"column":0},"end":{"line":32,"column":21}},"32":{"start":{"line":33,"column":0},"end":{"line":33,"column":23}},"33":{"start":{"line":34,"column":0},"end":{"line":34,"column":15}},"34":{"start":{"line":35,"column":0},"end":{"line":35,"column":16}},"35":{"start":{"line":36,"column":0},"end":{"line":36,"column":11}},"36":{"start":{"line":37,"column":0},"end":{"line":37,"column":0}},"37":{"start":{"line":38,"column":0},"end":{"line":38,"column":40}},"38":{"start":{"line":39,"column":0},"end":{"line":39,"column":74}},"39":{"start":{"line":40,"column":0},"end":{"line":40,"column":23}},"40":{"start":{"line":41,"column":0},"end":{"line":41,"column":19}},"41":{"start":{"line":42,"column":0},"end":{"line":42,"column":11}},"42":{"start":{"line":43,"column":0},"end":{"line":43,"column":0}},"43":{"start":{"line":44,"column":0},"end":{"line":44,"column":59}},"44":{"start":{"line":45,"column":0},"end":{"line":45,"column":12}},"45":{"start":{"line":46,"column":0},"end":{"line":46,"column":14}},"46":{"start":{"line":47,"column":0},"end":{"line":47,"column":3}},"47":{"start":{"line":48,"column":0},"end":{"line":48,"column":1}}},"s":{"0":1,"1":1,"2":1,"3":1,"4":22,"5":22,"6":22,"7":22,"8":22,"9":22,"10":22,"11":1,"12":1,"13":22,"14":22,"15":22,"16":22,"17":22,"18":22,"19":22,"20":22,"21":22,"22":22,"23":22,"24":22,"25":22,"26":22,"27":22,"28":88,"29":88,"30":220,"31":220,"32":220,"33":88,"34":88,"35":22,"36":22,"37":22,"38":88,"39":88,"40":88,"41":22,"42":22,"43":22,"44":22,"45":22,"46":22,"47":22},"branchMap":{"0":{"type":"branch","line":4,"loc":{"start":{"line":4,"column":26},"end":{"line":48,"column":1}},"locations":[{"start":{"line":4,"column":26},"end":{"line":48,"column":1}}]},"1":{"type":"branch","line":9,"loc":{"start":{"line":9,"column":23},"end":{"line":9,"column":61}},"locations":[{"start":{"line":9,"column":23},"end":{"line":9,"column":61}}]},"2":{"type":"branch","line":11,"loc":{"start":{"line":11,"column":23},"end":{"line":13,"column":3}},"locations":[{"start":{"line":11,"column":23},"end":{"line":13,"column":3}}]},"3":{"type":"branch","line":28,"loc":{"start":{"line":28,"column":18},"end":{"line":35,"column":16}},"locations":[{"start":{"line":28,"column":18},"end":{"line":35,"column":16}}]},"4":{"type":"branch","line":30,"loc":{"start":{"line":30,"column":21},"end":{"line":33,"column":23}},"locations":[{"start":{"line":30,"column":21},"end":{"line":33,"column":23}}]},"5":{"type":"branch","line":31,"loc":{"start":{"line":31,"column":31},"end":{"line":31,"column":61}},"locations":[{"start":{"line":31,"column":31},"end":{"line":31,"column":61}}]},"6":{"type":"branch","line":38,"loc":{"start":{"line":38,"column":24},"end":{"line":41,"column":19}},"locations":[{"start":{"line":38,"column":24},"end":{"line":41,"column":19}}]},"7":{"type":"branch","line":39,"loc":{"start":{"line":39,"column":43},"end":{"line":39,"column":74}},"locations":[{"start":{"line":39,"column":43},"end":{"line":39,"column":74}}]}},"b":{"0":[22],"1":[10],"2":[1],"3":[88],"4":[220],"5":[8],"6":[88],"7":[2]},"fnMap":{"0":{"name":"Calculator","decl":{"start":{"line":4,"column":26},"end":{"line":48,"column":1}},"loc":{"start":{"line":4,"column":26},"end":{"line":48,"column":1}},"line":4},"1":{"name":"handleButton","decl":{"start":{"line":9,"column":23},"end":{"line":9,"column":61}},"loc":{"start":{"line":9,"column":23},"end":{"line":9,"column":61}},"line":9},"2":{"name":"handleResult","decl":{"start":{"line":11,"column":23},"end":{"line":13,"column":3}},"loc":{"start":{"line":11,"column":23},"end":{"line":13,"column":3}},"line":11},"3":{"name":"onClick","decl":{"start":{"line":31,"column":31},"end":{"line":31,"column":61}},"loc":{"start":{"line":31,"column":31},"end":{"line":31,"column":61}},"line":31},"4":{"name":"onClick","decl":{"start":{"line":39,"column":43},"end":{"line":39,"column":74}},"loc":{"start":{"line":39,"column":43},"end":{"line":39,"column":74}},"line":39}},"f":{"0":22,"1":10,"2":1,"3":8,"4":2}}
,"/home/miguel/workspace/2024/03-2024/learn-tdd/src/advent.js": {"path":"/home/miguel/workspace/2024/03-2024/learn-tdd/src/advent.js","all":false,"statementMap":{"0":{"start":{"line":1,"column":0},"end":{"line":1,"column":2}},"1":{"start":{"line":2,"column":0},"end":{"line":2,"column":85}},"2":{"start":{"line":3,"column":0},"end":{"line":3,"column":0}},"3":{"start":{"line":4,"column":0},"end":{"line":4,"column":153}},"4":{"start":{"line":5,"column":0},"end":{"line":5,"column":0}},"5":{"start":{"line":6,"column":0},"end":{"line":6,"column":149}},"6":{"start":{"line":7,"column":0},"end":{"line":7,"column":0}},"7":{"start":{"line":8,"column":0},"end":{"line":8,"column":214}},"8":{"start":{"line":9,"column":0},"end":{"line":9,"column":0}},"9":{"start":{"line":10,"column":0},"end":{"line":10,"column":187}},"10":{"start":{"line":11,"column":0},"end":{"line":11,"column":3}},"11":{"start":{"line":12,"column":0},"end":{"line":12,"column":0}},"12":{"start":{"line":13,"column":0},"end":{"line":13,"column":43}},"13":{"start":{"line":14,"column":0},"end":{"line":14,"column":64}},"14":{"start":{"line":15,"column":0},"end":{"line":15,"column":0}},"15":{"start":{"line":16,"column":0},"end":{"line":16,"column":63}},"16":{"start":{"line":17,"column":0},"end":{"line":17,"column":0}},"17":{"start":{"line":18,"column":0},"end":{"line":18,"column":33}},"18":{"start":{"line":19,"column":0},"end":{"line":19,"column":55}},"19":{"start":{"line":20,"column":0},"end":{"line":20,"column":3}},"20":{"start":{"line":21,"column":0},"end":{"line":21,"column":0}},"21":{"start":{"line":22,"column":0},"end":{"line":22,"column":31}},"22":{"start":{"line":23,"column":0},"end":{"line":23,"column":56}},"23":{"start":{"line":24,"column":0},"end":{"line":24,"column":3}},"24":{"start":{"line":25,"column":0},"end":{"line":25,"column":0}},"25":{"start":{"line":26,"column":0},"end":{"line":26,"column":48}},"26":{"start":{"line":27,"column":0},"end":{"line":27,"column":33}},"27":{"start":{"line":28,"column":0},"end":{"line":28,"column":0}},"28":{"start":{"line":29,"column":0},"end":{"line":29,"column":70}},"29":{"start":{"line":30,"column":0},"end":{"line":30,"column":41}},"30":{"start":{"line":31,"column":0},"end":{"line":31,"column":0}},"31":{"start":{"line":32,"column":0},"end":{"line":32,"column":28}},"32":{"start":{"line":33,"column":0},"end":{"line":33,"column":41}},"33":{"start":{"line":34,"column":0},"end":{"line":34,"column":30}},"34":{"start":{"line":35,"column":0},"end":{"line":35,"column":26}},"35":{"start":{"line":36,"column":0},"end":{"line":36,"column":0}},"36":{"start":{"line":37,"column":0},"end":{"line":37,"column":52}},"37":{"start":{"line":38,"column":0},"end":{"line":38,"column":63}},"38":{"start":{"line":39,"column":0},"end":{"line":39,"column":0}},"39":{"start":{"line":40,"column":0},"end":{"line":40,"column":42}},"40":{"start":{"line":41,"column":0},"end":{"line":41,"column":3}},"41":{"start":{"line":42,"column":0},"end":{"line":42,"column":0}},"42":{"start":{"line":43,"column":0},"end":{"line":43,"column":13}},"43":{"start":{"line":44,"column":0},"end":{"line":44,"column":1}}},"s":{"0":1,"1":1,"2":1,"3":1,"4":1,"5":1,"6":1,"7":1,"8":1,"9":1,"10":1,"11":1,"12":1,"13":29,"14":26,"15":29,"16":20,"17":29,"18":5,"19":5,"20":15,"21":29,"22":10,"23":10,"24":5,"25":5,"26":29,"27":3,"28":3,"29":29,"30":2,"31":2,"32":29,"33":7,"34":7,"35":7,"36":7,"37":7,"38":6,"39":6,"40":6,"41":1,"42":1,"43":1},"branchMap":{"0":{"type":"branch","line":13,"loc":{"start":{"line":13,"column":7},"end":{"line":44,"column":1}},"locations":[{"start":{"line":13,"column":7},"end":{"line":44,"column":1}}]},"1":{"type":"branch","line":14,"loc":{"start":{"line":14,"column":13},"end":{"line":14,"column":64}},"locations":[{"start":{"line":14,"column":13},"end":{"line":14,"column":64}}]},"2":{"type":"branch","line":15,"loc":{"start":{"line":15,"column":-1},"end":{"line":16,"column":11}},"locations":[{"start":{"line":15,"column":-1},"end":{"line":16,"column":11}}]},"3":{"type":"branch","line":16,"loc":{"start":{"line":16,"column":11},"end":{"line":16,"column":63}},"locations":[{"start":{"line":16,"column":11},"end":{"line":16,"column":63}}]},"4":{"type":"branch","line":17,"loc":{"start":{"line":17,"column":-1},"end":{"line":18,"column":32}},"locations":[{"start":{"line":17,"column":-1},"end":{"line":18,"column":32}}]},"5":{"type":"branch","line":18,"loc":{"start":{"line":18,"column":32},"end":{"line":20,"column":3}},"locations":[{"start":{"line":18,"column":32},"end":{"line":20,"column":3}}]},"6":{"type":"branch","line":21,"loc":{"start":{"line":21,"column":-1},"end":{"line":22,"column":30}},"locations":[{"start":{"line":21,"column":-1},"end":{"line":22,"column":30}}]},"7":{"type":"branch","line":22,"loc":{"start":{"line":22,"column":30},"end":{"line":24,"column":3}},"locations":[{"start":{"line":22,"column":30},"end":{"line":24,"column":3}}]},"8":{"type":"branch","line":25,"loc":{"start":{"line":25,"column":-1},"end":{"line":27,"column":21}},"locations":[{"start":{"line":25,"column":-1},"end":{"line":27,"column":21}}]},"9":{"type":"branch","line":27,"loc":{"start":{"line":27,"column":21},"end":{"line":27,"column":33}},"locations":[{"start":{"line":27,"column":21},"end":{"line":27,"column":33}}]},"10":{"type":"branch","line":28,"loc":{"start":{"line":28,"column":-1},"end":{"line":30,"column":29}},"locations":[{"start":{"line":28,"column":-1},"end":{"line":30,"column":29}}]},"11":{"type":"branch","line":30,"loc":{"start":{"line":30,"column":29},"end":{"line":30,"column":41}},"locations":[{"start":{"line":30,"column":29},"end":{"line":30,"column":41}}]},"12":{"type":"branch","line":31,"loc":{"start":{"line":31,"column":-1},"end":{"line":33,"column":40}},"locations":[{"start":{"line":31,"column":-1},"end":{"line":33,"column":40}}]},"13":{"type":"branch","line":33,"loc":{"start":{"line":33,"column":40},"end":{"line":41,"column":3}},"locations":[{"start":{"line":33,"column":40},"end":{"line":41,"column":3}}]},"14":{"type":"branch","line":38,"loc":{"start":{"line":38,"column":21},"end":{"line":38,"column":49}},"locations":[{"start":{"line":38,"column":21},"end":{"line":38,"column":49}}]},"15":{"type":"branch","line":38,"loc":{"start":{"line":38,"column":51},"end":{"line":38,"column":63}},"locations":[{"start":{"line":38,"column":51},"end":{"line":38,"column":63}}]},"16":{"type":"branch","line":39,"loc":{"start":{"line":39,"column":-1},"end":{"line":41,"column":3}},"locations":[{"start":{"line":39,"column":-1},"end":{"line":41,"column":3}}]},"17":{"type":"branch","line":42,"loc":{"start":{"line":42,"column":-1},"end":{"line":44,"column":1}},"locations":[{"start":{"line":42,"column":-1},"end":{"line":44,"column":1}}]}},"b":{"0":[29],"1":[3],"2":[26],"3":[6],"4":[20],"5":[5],"6":[15],"7":[10],"8":[5],"9":[2],"10":[3],"11":[1],"12":[2],"13":[7],"14":[1],"15":[1],"16":[6],"17":[1]},"fnMap":{"0":{"name":"canReconfigure","decl":{"start":{"line":13,"column":7},"end":{"line":44,"column":1}},"loc":{"start":{"line":13,"column":7},"end":{"line":44,"column":1}},"line":13}},"f":{"0":29}}
,"/home/miguel/workspace/2024/03-2024/learn-tdd/src/fizzbuzz.js": {"path":"/home/miguel/workspace/2024/03-2024/learn-tdd/src/fizzbuzz.js","all":false,"statementMap":{"0":{"start":{"line":1,"column":0},"end":{"line":1,"column":2}},"1":{"start":{"line":2,"column":0},"end":{"line":2,"column":46}},"2":{"start":{"line":3,"column":0},"end":{"line":3,"column":41}},"3":{"start":{"line":4,"column":0},"end":{"line":4,"column":41}},"4":{"start":{"line":5,"column":0},"end":{"line":5,"column":49}},"5":{"start":{"line":6,"column":0},"end":{"line":6,"column":71}},"6":{"start":{"line":7,"column":0},"end":{"line":7,"column":3}},"7":{"start":{"line":8,"column":0},"end":{"line":8,"column":0}},"8":{"start":{"line":9,"column":0},"end":{"line":9,"column":34}},"9":{"start":{"line":10,"column":0},"end":{"line":10,"column":32}},"10":{"start":{"line":11,"column":0},"end":{"line":11,"column":58}},"11":{"start":{"line":12,"column":0},"end":{"line":12,"column":3}},"12":{"start":{"line":13,"column":0},"end":{"line":13,"column":0}},"13":{"start":{"line":14,"column":0},"end":{"line":14,"column":79}},"14":{"start":{"line":15,"column":0},"end":{"line":15,"column":0}},"15":{"start":{"line":16,"column":0},"end":{"line":16,"column":56}},"16":{"start":{"line":17,"column":0},"end":{"line":17,"column":0}},"17":{"start":{"line":18,"column":0},"end":{"line":18,"column":17}},"18":{"start":{"line":19,"column":0},"end":{"line":19,"column":0}},"19":{"start":{"line":20,"column":0},"end":{"line":20,"column":62}},"20":{"start":{"line":21,"column":0},"end":{"line":21,"column":46}},"21":{"start":{"line":22,"column":0},"end":{"line":22,"column":4}},"22":{"start":{"line":23,"column":0},"end":{"line":23,"column":0}},"23":{"start":{"line":24,"column":0},"end":{"line":24,"column":60}},"24":{"start":{"line":25,"column":0},"end":{"line":25,"column":39}},"25":{"start":{"line":26,"column":0},"end":{"line":26,"column":39}},"26":{"start":{"line":27,"column":0},"end":{"line":27,"column":0}},"27":{"start":{"line":28,"column":0},"end":{"line":28,"column":37}},"28":{"start":{"line":29,"column":0},"end":{"line":29,"column":1}}},"s":{"0":1,"1":1,"2":1,"3":1,"4":1,"5":1,"6":1,"7":1,"8":1,"9":16,"10":2,"11":2,"12":14,"13":16,"14":13,"15":13,"16":13,"17":13,"18":13,"19":13,"20":39,"21":13,"22":13,"23":13,"24":13,"25":13,"26":13,"27":16,"28":16},"branchMap":{"0":{"type":"branch","line":9,"loc":{"start":{"line":9,"column":24},"end":{"line":29,"column":1}},"locations":[{"start":{"line":9,"column":24},"end":{"line":29,"column":1}}]},"1":{"type":"branch","line":10,"loc":{"start":{"line":10,"column":31},"end":{"line":12,"column":3}},"locations":[{"start":{"line":10,"column":31},"end":{"line":12,"column":3}}]},"2":{"type":"branch","line":13,"loc":{"start":{"line":13,"column":-1},"end":{"line":14,"column":25}},"locations":[{"start":{"line":13,"column":-1},"end":{"line":14,"column":25}}]},"3":{"type":"branch","line":14,"loc":{"start":{"line":14,"column":25},"end":{"line":14,"column":79}},"locations":[{"start":{"line":14,"column":25},"end":{"line":14,"column":79}}]},"4":{"type":"branch","line":15,"loc":{"start":{"line":15,"column":-1},"end":{"line":28,"column":23}},"locations":[{"start":{"line":15,"column":-1},"end":{"line":28,"column":23}}]},"5":{"type":"branch","line":28,"loc":{"start":{"line":28,"column":23},"end":{"line":28,"column":28}},"locations":[{"start":{"line":28,"column":23},"end":{"line":28,"column":28}}]},"6":{"type":"branch","line":28,"loc":{"start":{"line":28,"column":29},"end":{"line":28,"column":37}},"locations":[{"start":{"line":28,"column":29},"end":{"line":28,"column":37}}]},"7":{"type":"branch","line":20,"loc":{"start":{"line":20,"column":37},"end":{"line":22,"column":3}},"locations":[{"start":{"line":20,"column":37},"end":{"line":22,"column":3}}]},"8":{"type":"branch","line":21,"loc":{"start":{"line":21,"column":32},"end":{"line":21,"column":46}},"locations":[{"start":{"line":21,"column":32},"end":{"line":21,"column":46}}]}},"b":{"0":[16],"1":[2],"2":[14],"3":[1],"4":[13],"5":[2],"6":[11],"7":[39],"8":[14]},"fnMap":{"0":{"name":"fizzbuzz","decl":{"start":{"line":9,"column":24},"end":{"line":29,"column":1}},"loc":{"start":{"line":9,"column":24},"end":{"line":29,"column":1}},"line":9}},"f":{"0":16}}
,"/home/miguel/workspace/2024/03-2024/learn-tdd/src/main.jsx": {"path":"/home/miguel/workspace/2024/03-2024/learn-tdd/src/main.jsx","all":true,"statementMap":{"0":{"start":{"line":1,"column":0},"end":{"line":1,"column":46}},"1":{"start":{"line":2,"column":0},"end":{"line":2,"column":42}},"2":{"start":{"line":3,"column":0},"end":{"line":3,"column":0}},"3":{"start":{"line":4,"column":0},"end":{"line":4,"column":67}}},"s":{"0":0,"1":0,"2":0,"3":0},"branchMap":{"0":{"type":"branch","line":1,"loc":{"start":{"line":1,"column":0},"end":{"line":4,"column":67}},"locations":[{"start":{"line":1,"column":0},"end":{"line":4,"column":67}}]}},"b":{"0":[0]},"fnMap":{"0":{"name":"(empty-report)","decl":{"start":{"line":1,"column":0},"end":{"line":4,"column":67}},"loc":{"start":{"line":1,"column":0},"end":{"line":4,"column":67}},"line":1}},"f":{"0":0}}
}
